<?xml version="1.0" encoding="UTF-8"?>
<testsuite xmlns:xsi="http://www.w3.org/2001/XMLSchema-instance" xsi:noNamespaceSchemaLocation="https://maven.apache.org/surefire/maven-surefire-plugin/xsd/surefire-test-report-3.0.xsd" version="3.0" name="TestSuite" time="476.864" tests="3" errors="0" skipped="0" failures="0">
  <properties>
    <property name="sun.desktop" value="windows"/>
    <property name="awt.toolkit" value="sun.awt.windows.WToolkit"/>
    <property name="java.specification.version" value="12"/>
    <property name="sun.cpu.isalist" value="amd64"/>
    <property name="sun.jnu.encoding" value="Cp1252"/>
    <property name="java.class.path" value="D:\Assessment\OpenMrsAutomation\target\test-classes;D:\Assessment\OpenMrsAutomation\target\classes;C:\Users\padmapriya.i\.m2\repository\org\seleniumhq\selenium\selenium-java\3.141.59\selenium-java-3.141.59.jar;C:\Users\padmapriya.i\.m2\repository\org\seleniumhq\selenium\selenium-api\3.141.59\selenium-api-3.141.59.jar;C:\Users\padmapriya.i\.m2\repository\org\seleniumhq\selenium\selenium-chrome-driver\3.141.59\selenium-chrome-driver-3.141.59.jar;C:\Users\padmapriya.i\.m2\repository\org\seleniumhq\selenium\selenium-edge-driver\3.141.59\selenium-edge-driver-3.141.59.jar;C:\Users\padmapriya.i\.m2\repository\org\seleniumhq\selenium\selenium-firefox-driver\3.141.59\selenium-firefox-driver-3.141.59.jar;C:\Users\padmapriya.i\.m2\repository\org\seleniumhq\selenium\selenium-ie-driver\3.141.59\selenium-ie-driver-3.141.59.jar;C:\Users\padmapriya.i\.m2\repository\org\seleniumhq\selenium\selenium-opera-driver\3.141.59\selenium-opera-driver-3.141.59.jar;C:\Users\padmapriya.i\.m2\repository\org\seleniumhq\selenium\selenium-remote-driver\3.141.59\selenium-remote-driver-3.141.59.jar;C:\Users\padmapriya.i\.m2\repository\org\seleniumhq\selenium\selenium-safari-driver\3.141.59\selenium-safari-driver-3.141.59.jar;C:\Users\padmapriya.i\.m2\repository\org\seleniumhq\selenium\selenium-support\3.141.59\selenium-support-3.141.59.jar;C:\Users\padmapriya.i\.m2\repository\net\bytebuddy\byte-buddy\1.8.15\byte-buddy-1.8.15.jar;C:\Users\padmapriya.i\.m2\repository\org\apache\commons\commons-exec\1.3\commons-exec-1.3.jar;C:\Users\padmapriya.i\.m2\repository\com\google\guava\guava\25.0-jre\guava-25.0-jre.jar;C:\Users\padmapriya.i\.m2\repository\com\google\code\findbugs\jsr305\1.3.9\jsr305-1.3.9.jar;C:\Users\padmapriya.i\.m2\repository\org\checkerframework\checker-compat-qual\2.0.0\checker-compat-qual-2.0.0.jar;C:\Users\padmapriya.i\.m2\repository\com\google\errorprone\error_prone_annotations\2.1.3\error_prone_annotations-2.1.3.jar;C:\Users\padmapriya.i\.m2\repository\com\google\j2objc\j2objc-annotations\1.1\j2objc-annotations-1.1.jar;C:\Users\padmapriya.i\.m2\repository\org\codehaus\mojo\animal-sniffer-annotations\1.14\animal-sniffer-annotations-1.14.jar;C:\Users\padmapriya.i\.m2\repository\com\squareup\okhttp3\okhttp\3.11.0\okhttp-3.11.0.jar;C:\Users\padmapriya.i\.m2\repository\com\squareup\okio\okio\1.14.0\okio-1.14.0.jar;C:\Users\padmapriya.i\.m2\repository\org\apache\poi\poi-ooxml\4.1.2\poi-ooxml-4.1.2.jar;C:\Users\padmapriya.i\.m2\repository\org\apache\poi\poi\4.1.2\poi-4.1.2.jar;C:\Users\padmapriya.i\.m2\repository\commons-codec\commons-codec\1.13\commons-codec-1.13.jar;C:\Users\padmapriya.i\.m2\repository\org\apache\commons\commons-collections4\4.4\commons-collections4-4.4.jar;C:\Users\padmapriya.i\.m2\repository\org\apache\commons\commons-math3\3.6.1\commons-math3-3.6.1.jar;C:\Users\padmapriya.i\.m2\repository\com\zaxxer\SparseBitSet\1.2\SparseBitSet-1.2.jar;C:\Users\padmapriya.i\.m2\repository\org\apache\poi\poi-ooxml-schemas\4.1.2\poi-ooxml-schemas-4.1.2.jar;C:\Users\padmapriya.i\.m2\repository\org\apache\xmlbeans\xmlbeans\3.1.0\xmlbeans-3.1.0.jar;C:\Users\padmapriya.i\.m2\repository\org\apache\commons\commons-compress\1.19\commons-compress-1.19.jar;C:\Users\padmapriya.i\.m2\repository\com\github\virtuald\curvesapi\1.06\curvesapi-1.06.jar;C:\Users\padmapriya.i\.m2\repository\log4j\log4j\1.2.17\log4j-1.2.17.jar;C:\Users\padmapriya.i\.m2\repository\commons-io\commons-io\1.3.2\commons-io-1.3.2.jar;C:\Users\padmapriya.i\.m2\repository\org\testng\testng\7.3.0\testng-7.3.0.jar;C:\Users\padmapriya.i\.m2\repository\com\beust\jcommander\1.78\jcommander-1.78.jar;C:\Users\padmapriya.i\.m2\repository\org\apache\ant\ant\1.10.3\ant-1.10.3.jar;C:\Users\padmapriya.i\.m2\repository\org\apache\ant\ant-launcher\1.10.3\ant-launcher-1.10.3.jar;C:\Users\padmapriya.i\.m2\repository\junit\junit\4.12\junit-4.12.jar;C:\Users\padmapriya.i\.m2\repository\org\hamcrest\hamcrest-core\1.3\hamcrest-core-1.3.jar;C:\Users\padmapriya.i\.m2\repository\com\google\inject\guice\4.2.2\guice-4.2.2-no_aop.jar;C:\Users\padmapriya.i\.m2\repository\javax\inject\javax.inject\1\javax.inject-1.jar;C:\Users\padmapriya.i\.m2\repository\aopalliance\aopalliance\1.0\aopalliance-1.0.jar;C:\Users\padmapriya.i\.m2\repository\org\yaml\snakeyaml\1.21\snakeyaml-1.21.jar;"/>
    <property name="java.vm.vendor" value="Oracle Corporation"/>
    <property name="sun.arch.data.model" value="64"/>
    <property name="user.variant" value=""/>
    <property name="java.vendor.url" value="https://java.oracle.com/"/>
    <property name="user.timezone" value="Asia/Calcutta"/>
    <property name="os.name" value="Windows 10"/>
    <property name="java.vm.specification.version" value="12"/>
    <property name="sun.java.launcher" value="SUN_STANDARD"/>
    <property name="user.country" value="IN"/>
    <property name="sun.boot.library.path" value="C:\Program Files\Java\jdk-12.0.2\bin"/>
    <property name="sun.java.command" value="C:\Users\padmapriya.i\AppData\Local\Temp\surefire6526283680286898255\surefirebooter11882645359697495821.jar C:\Users\padmapriya.i\AppData\Local\Temp\surefire6526283680286898255 2020-12-14T18-21-57_677-jvmRun1 surefire4532988070916352083tmp surefire_09183659124094715507tmp"/>
    <property name="jdk.debug" value="release"/>
    <property name="surefire.test.class.path" value="D:\Assessment\OpenMrsAutomation\target\test-classes;D:\Assessment\OpenMrsAutomation\target\classes;C:\Users\padmapriya.i\.m2\repository\org\seleniumhq\selenium\selenium-java\3.141.59\selenium-java-3.141.59.jar;C:\Users\padmapriya.i\.m2\repository\org\seleniumhq\selenium\selenium-api\3.141.59\selenium-api-3.141.59.jar;C:\Users\padmapriya.i\.m2\repository\org\seleniumhq\selenium\selenium-chrome-driver\3.141.59\selenium-chrome-driver-3.141.59.jar;C:\Users\padmapriya.i\.m2\repository\org\seleniumhq\selenium\selenium-edge-driver\3.141.59\selenium-edge-driver-3.141.59.jar;C:\Users\padmapriya.i\.m2\repository\org\seleniumhq\selenium\selenium-firefox-driver\3.141.59\selenium-firefox-driver-3.141.59.jar;C:\Users\padmapriya.i\.m2\repository\org\seleniumhq\selenium\selenium-ie-driver\3.141.59\selenium-ie-driver-3.141.59.jar;C:\Users\padmapriya.i\.m2\repository\org\seleniumhq\selenium\selenium-opera-driver\3.141.59\selenium-opera-driver-3.141.59.jar;C:\Users\padmapriya.i\.m2\repository\org\seleniumhq\selenium\selenium-remote-driver\3.141.59\selenium-remote-driver-3.141.59.jar;C:\Users\padmapriya.i\.m2\repository\org\seleniumhq\selenium\selenium-safari-driver\3.141.59\selenium-safari-driver-3.141.59.jar;C:\Users\padmapriya.i\.m2\repository\org\seleniumhq\selenium\selenium-support\3.141.59\selenium-support-3.141.59.jar;C:\Users\padmapriya.i\.m2\repository\net\bytebuddy\byte-buddy\1.8.15\byte-buddy-1.8.15.jar;C:\Users\padmapriya.i\.m2\repository\org\apache\commons\commons-exec\1.3\commons-exec-1.3.jar;C:\Users\padmapriya.i\.m2\repository\com\google\guava\guava\25.0-jre\guava-25.0-jre.jar;C:\Users\padmapriya.i\.m2\repository\com\google\code\findbugs\jsr305\1.3.9\jsr305-1.3.9.jar;C:\Users\padmapriya.i\.m2\repository\org\checkerframework\checker-compat-qual\2.0.0\checker-compat-qual-2.0.0.jar;C:\Users\padmapriya.i\.m2\repository\com\google\errorprone\error_prone_annotations\2.1.3\error_prone_annotations-2.1.3.jar;C:\Users\padmapriya.i\.m2\repository\com\google\j2objc\j2objc-annotations\1.1\j2objc-annotations-1.1.jar;C:\Users\padmapriya.i\.m2\repository\org\codehaus\mojo\animal-sniffer-annotations\1.14\animal-sniffer-annotations-1.14.jar;C:\Users\padmapriya.i\.m2\repository\com\squareup\okhttp3\okhttp\3.11.0\okhttp-3.11.0.jar;C:\Users\padmapriya.i\.m2\repository\com\squareup\okio\okio\1.14.0\okio-1.14.0.jar;C:\Users\padmapriya.i\.m2\repository\org\apache\poi\poi-ooxml\4.1.2\poi-ooxml-4.1.2.jar;C:\Users\padmapriya.i\.m2\repository\org\apache\poi\poi\4.1.2\poi-4.1.2.jar;C:\Users\padmapriya.i\.m2\repository\commons-codec\commons-codec\1.13\commons-codec-1.13.jar;C:\Users\padmapriya.i\.m2\repository\org\apache\commons\commons-collections4\4.4\commons-collections4-4.4.jar;C:\Users\padmapriya.i\.m2\repository\org\apache\commons\commons-math3\3.6.1\commons-math3-3.6.1.jar;C:\Users\padmapriya.i\.m2\repository\com\zaxxer\SparseBitSet\1.2\SparseBitSet-1.2.jar;C:\Users\padmapriya.i\.m2\repository\org\apache\poi\poi-ooxml-schemas\4.1.2\poi-ooxml-schemas-4.1.2.jar;C:\Users\padmapriya.i\.m2\repository\org\apache\xmlbeans\xmlbeans\3.1.0\xmlbeans-3.1.0.jar;C:\Users\padmapriya.i\.m2\repository\org\apache\commons\commons-compress\1.19\commons-compress-1.19.jar;C:\Users\padmapriya.i\.m2\repository\com\github\virtuald\curvesapi\1.06\curvesapi-1.06.jar;C:\Users\padmapriya.i\.m2\repository\log4j\log4j\1.2.17\log4j-1.2.17.jar;C:\Users\padmapriya.i\.m2\repository\commons-io\commons-io\1.3.2\commons-io-1.3.2.jar;C:\Users\padmapriya.i\.m2\repository\org\testng\testng\7.3.0\testng-7.3.0.jar;C:\Users\padmapriya.i\.m2\repository\com\beust\jcommander\1.78\jcommander-1.78.jar;C:\Users\padmapriya.i\.m2\repository\org\apache\ant\ant\1.10.3\ant-1.10.3.jar;C:\Users\padmapriya.i\.m2\repository\org\apache\ant\ant-launcher\1.10.3\ant-launcher-1.10.3.jar;C:\Users\padmapriya.i\.m2\repository\junit\junit\4.12\junit-4.12.jar;C:\Users\padmapriya.i\.m2\repository\org\hamcrest\hamcrest-core\1.3\hamcrest-core-1.3.jar;C:\Users\padmapriya.i\.m2\repository\com\google\inject\guice\4.2.2\guice-4.2.2-no_aop.jar;C:\Users\padmapriya.i\.m2\repository\javax\inject\javax.inject\1\javax.inject-1.jar;C:\Users\padmapriya.i\.m2\repository\aopalliance\aopalliance\1.0\aopalliance-1.0.jar;C:\Users\padmapriya.i\.m2\repository\org\yaml\snakeyaml\1.21\snakeyaml-1.21.jar;"/>
    <property name="sun.cpu.endian" value="little"/>
    <property name="user.home" value="C:\Users\padmapriya.i"/>
    <property name="user.language" value="en"/>
    <property name="java.specification.vendor" value="Oracle Corporation"/>
    <property name="java.version.date" value="2019-07-16"/>
    <property name="java.home" value="C:\Program Files\Java\jdk-12.0.2"/>
    <property name="file.separator" value="\"/>
    <property name="basedir" value="D:\Assessment\OpenMrsAutomation"/>
    <property name="java.vm.compressedOopsMode" value="32-bit"/>
    <property name="line.separator" value="&#10;"/>
    <property name="java.vm.specification.vendor" value="Oracle Corporation"/>
    <property name="java.specification.name" value="Java Platform API Specification"/>
    <property name="java.awt.graphicsenv" value="sun.awt.Win32GraphicsEnvironment"/>
    <property name="surefire.real.class.path" value="C:\Users\padmapriya.i\AppData\Local\Temp\surefire6526283680286898255\surefirebooter11882645359697495821.jar"/>
    <property name="user.script" value=""/>
    <property name="sun.management.compiler" value="HotSpot 64-Bit Tiered Compilers"/>
    <property name="java.runtime.version" value="12.0.2+10"/>
    <property name="user.name" value="Padmapriya.I"/>
    <property name="path.separator" value=";"/>
    <property name="os.version" value="10.0"/>
    <property name="java.runtime.name" value="Java(TM) SE Runtime Environment"/>
    <property name="file.encoding" value="Cp1252"/>
    <property name="java.vm.name" value="Java HotSpot(TM) 64-Bit Server VM"/>
    <property name="localRepository" value="C:\Users\padmapriya.i\.m2\repository"/>
    <property name="java.vendor.url.bug" value="https://bugreport.java.com/bugreport/"/>
    <property name="java.io.tmpdir" value="C:\Users\PADMAP~1.I\AppData\Local\Temp\"/>
    <property name="java.version" value="12.0.2"/>
    <property name="user.dir" value="D:\Assessment\OpenMrsAutomation"/>
    <property name="os.arch" value="amd64"/>
    <property name="webdriver.gecko.driver" value="D:\Assessment\OpenMrsAutomation\lib\geckodriver.exe"/>
    <property name="java.vm.specification.name" value="Java Virtual Machine Specification"/>
    <property name="sun.os.patch.level" value=""/>
    <property name="java.library.path" value="C:\Program Files\Java\jdk-12.0.2\bin;C:\Windows\Sun\Java\bin;C:\Windows\system32;C:\Windows;C:/Program Files/Java/jdk-12.0.2/bin/server;C:/Program Files/Java/jdk-12.0.2/bin;C:\Program Files (x86)\Common Files\Oracle\Java\javapath;C:\Program Files (x86)\Intel\iCLS Client\;C:\Program Files\Intel\iCLS Client\;C:\Windows\system32;C:\Windows;C:\Windows\System32\Wbem;C:\Windows\System32\WindowsPowerShell\v1.0\;C:\Windows\System32\OpenSSH\;C:\Program Files (x86)\Intel\Intel(R) Management Engine Components\DAL;C:\Program Files\Intel\Intel(R) Management Engine Components\DAL;C:\Program Files (x86)\Intel\Intel(R) Management Engine Components\IPT;C:\Program Files\Intel\Intel(R) Management Engine Components\IPT;C:\Program Files\Intel\WiFi\bin\;C:\Program Files\Common Files\Intel\WirelessCommon\;C:\Program Files\Java\jdk-12.0.2\bin;C:\Users\padmapriya.i\Downloads\apache-maven-3.6.3-bin\apache-maven-3.6.3\bin;C:\Program Files\Java\jdk1.8.0_261\bin\;C:\Program Files\Git\cmd;C:\Program Files\nodejs\;C:\ProgramData\chocolatey\bin;C:\Program Files (x86)\Sophos\Sophos SSL VPN Client\bin;C:\Users\padmapriya.i\AppData\Roaming\npm;C:\Windows\System32;;."/>
    <property name="java.vm.info" value="mixed mode, sharing"/>
    <property name="java.vendor" value="Oracle Corporation"/>
    <property name="java.vm.version" value="12.0.2+10"/>
    <property name="sun.io.unicode.encoding" value="UnicodeLittle"/>
    <property name="java.class.version" value="56.0"/>
  </properties>
  <testcase name="demoTest[Admin, Admin123, 100J51](1)" classname="com.atmecs.assessment.openmrs.test.ValidatePatient" time="7.131">
    <system-out><![CDATA[rowCount= 1
columnCount =3
TEST EXECUTION BEGINS...
]]></system-out>
    <system-err><![CDATA[1607950321236	geckodriver	INFO	Listening on 127.0.0.1:46523
1607950321731	mozrunner::runner	INFO	Running command: "C:\\Program Files\\Mozilla Firefox\\firefox.exe" "--marionette" "-foreground" "-no-remote" "-profile" "C:\\Users\\PADMAP~1.I\\AppData\\Local\\Temp\\rust_mozprofilePYqh1w"
Can't find symbol 'eglSwapBuffersWithDamageEXT'.
Can't find symbol 'eglSetDamageRegionKHR'.
JavaScript error: resource://gre/modules/XULStore.jsm, line 66: Error: Can't find profile directory.
console.warn: SearchSettings: "get: No settings file exists, new profile?" (new Error("", "(unknown module)"))
1607950342061	Marionette	INFO	Listening on port 59504
1607950342567	Marionette	WARN	TLS certificate errors will be ignored for this session
Dec 14, 2020 6:22:22 PM org.openqa.selenium.remote.ProtocolHandshake createSession
INFO: Detected dialect: W3C
JavaScript error: resource://gre/modules/XULStore.jsm, line 66: Error: Can't find profile directory.
JavaScript error: resource://gre/modules/XULStore.jsm, line 66: Error: Can't find profile directory.
JavaScript error: resource://gre/modules/XULStore.jsm, line 66: Error: Can't find profile directory.
JavaScript error: resource://gre/modules/XULStore.jsm, line 66: Error: Can't find profile directory.
JavaScript error: resource://gre/modules/XULStore.jsm, line 66: Error: Can't find profile directory.
JavaScript error: resource://gre/modules/XULStore.jsm, line 66: Error: Can't find profile directory.
log4j:ERROR Could not find value for key log4j.appender.INFO
log4j:ERROR Could not instantiate appender named "INFO".
log4j:WARN No appenders could be found for logger (com.atmecs.assessment.openmrs.test.ValidatePatient).
log4j:WARN Please initialize the log4j system properly.
log4j:WARN See http://logging.apache.org/log4j/1.2/faq.html#noconfig for more info.
JavaScript warning: https://demo.openmrs.org/openmrs/ms/uiframework/resource/uicommons/scripts/moment-with-locales.min.js?cache=1607864612252, line 1: unreachable code after return statement
]]></system-err>
  </testcase>
  <testcase name="demoTest[Admin, Admin123, Padmapriya, Deepan, Female, 14, November, 1998, Vetri nagar, Chennai, TN, India, 600082, 98765457, Parent, abc](1)" classname="com.atmecs.assessment.openmrs.test.MergePatientRecords" time="199.559">
    <system-out><![CDATA[Test execution begins..
rowCount= 2
columnCount =16
TEST EXECUTION BEGINS...
]]></system-out>
    <system-err><![CDATA[1607950356676	Marionette	INFO	Stopped listening on port 59504

###!!! [Child][MessageChannel::SendAndWait] Error: Channel error: cannot send/recv

1607950364941	geckodriver	INFO	Listening on 127.0.0.1:29341
1607950365404	mozrunner::runner	INFO	Running command: "C:\\Program Files\\Mozilla Firefox\\firefox.exe" "--marionette" "-foreground" "-no-remote" "-profile" "C:\\Users\\PADMAP~1.I\\AppData\\Local\\Temp\\rust_mozprofileQGG6uN"
Can't find symbol 'eglSwapBuffersWithDamageEXT'.
Can't find symbol 'eglSetDamageRegionKHR'.
JavaScript error: resource://gre/modules/XULStore.jsm, line 66: Error: Can't find profile directory.
console.warn: SearchSettings: "get: No settings file exists, new profile?" (new Error("", "(unknown module)"))
1607950372574	Marionette	INFO	Listening on port 59639
1607950372838	Marionette	WARN	TLS certificate errors will be ignored for this session
Dec 14, 2020 6:22:53 PM org.openqa.selenium.remote.ProtocolHandshake createSession
INFO: Detected dialect: W3C
JavaScript warning: https://demo.openmrs.org/openmrs/ms/uiframework/resource/uicommons/scripts/moment.min.js?cache=1607864612252, line 6: unreachable code after return statement
JavaScript error: https://demo.openmrs.org/openmrs/ms/uiframework/resource/uicommons/scripts/jquery-1.12.4.min.js?cache=1607864612252, line 4: SyntaxError: JSON.parse: unexpected end of data at line 1 column 1 of the JSON data
JavaScript error: https://demo.openmrs.org/openmrs/ms/uiframework/resource/uicommons/scripts/jquery-1.12.4.min.js?cache=1607864612252, line 4: SyntaxError: JSON.parse: unexpected end of data at line 1 column 1 of the JSON data
JavaScript error: https://demo.openmrs.org/openmrs/ms/uiframework/resource/uicommons/scripts/jquery-1.12.4.min.js?cache=1607864612252, line 4: SyntaxError: JSON.parse: unexpected end of data at line 1 column 1 of the JSON data
JavaScript error: https://demo.openmrs.org/openmrs/ms/uiframework/resource/uicommons/scripts/jquery-1.12.4.min.js?cache=1607864612252, line 4: SyntaxError: JSON.parse: unexpected end of data at line 1 column 1 of the JSON data
JavaScript warning: https://demo.openmrs.org/openmrs/ms/uiframework/resource/uicommons/scripts/moment-with-locales.min.js?cache=1607864612252, line 1: unreachable code after return statement
JavaScript warning: https://demo.openmrs.org/openmrs/ms/uiframework/resource/uicommons/scripts/moment.min.js?cache=1607864612252, line 6: unreachable code after return statement
JavaScript warning: https://demo.openmrs.org/openmrs/ms/uiframework/resource/uicommons/scripts/moment-with-locales.min.js?cache=1607864612252, line 1: unreachable code after return statement
JavaScript warning: https://demo.openmrs.org/openmrs/ms/uiframework/resource/uicommons/scripts/moment-with-locales.min.js?cache=1607864612252, line 1: unreachable code after return statement
]]></system-err>
  </testcase>
  <testcase name="demoTest[Admin, Admin123, Aadhi, Raj, Male, 16, December, 1990, Dwaraka nagar, Bangalore, Karnataka, India, 65888, 98764578, Parent, xyz](2)" classname="com.atmecs.assessment.openmrs.test.MergePatientRecords" time="200.721">
    <system-out><![CDATA[Test execution begins..
TEST EXECUTION BEGINS...
]]></system-out>
    <system-err><![CDATA[1607950580570	Marionette	INFO	Stopped listening on port 59639

###!!! [Child][RunMessage] Error: Channel closing: too late to send/recv, messages will be lost


###!!! [Child][MessageChannel::SendAndWait] Error: Channel error: cannot send/recv

1607950582327	geckodriver	INFO	Listening on 127.0.0.1:38430
1607950582719	mozrunner::runner	INFO	Running command: "C:\\Program Files\\Mozilla Firefox\\firefox.exe" "--marionette" "-foreground" "-no-remote" "-profile" "C:\\Users\\PADMAP~1.I\\AppData\\Local\\Temp\\rust_mozprofilectXNtE"
Can't find symbol 'eglSwapBuffersWithDamageEXT'.
Can't find symbol 'eglSetDamageRegionKHR'.
JavaScript error: resource://gre/modules/XULStore.jsm, line 66: Error: Can't find profile directory.
console.warn: SearchSettings: "get: No settings file exists, new profile?" (new Error("", "(unknown module)"))
1607950585786	Marionette	INFO	Listening on port 59927
1607950586085	Marionette	WARN	TLS certificate errors will be ignored for this session
Dec 14, 2020 6:26:26 PM org.openqa.selenium.remote.ProtocolHandshake createSession
INFO: Detected dialect: W3C
JavaScript warning: https://demo.openmrs.org/openmrs/ms/uiframework/resource/uicommons/scripts/moment.min.js?cache=1607864612252, line 6: unreachable code after return statement
JavaScript error: https://demo.openmrs.org/openmrs/ms/uiframework/resource/uicommons/scripts/jquery-1.12.4.min.js?cache=1607864612252, line 4: SyntaxError: JSON.parse: unexpected end of data at line 1 column 1 of the JSON data
JavaScript error: https://demo.openmrs.org/openmrs/ms/uiframework/resource/uicommons/scripts/jquery-1.12.4.min.js?cache=1607864612252, line 4: SyntaxError: JSON.parse: unexpected end of data at line 1 column 1 of the JSON data
JavaScript error: https://demo.openmrs.org/openmrs/ms/uiframework/resource/uicommons/scripts/jquery-1.12.4.min.js?cache=1607864612252, line 4: SyntaxError: JSON.parse: unexpected end of data at line 1 column 1 of the JSON data
JavaScript error: https://demo.openmrs.org/openmrs/ms/uiframework/resource/uicommons/scripts/jquery-1.12.4.min.js?cache=1607864612252, line 4: SyntaxError: JSON.parse: unexpected end of data at line 1 column 1 of the JSON data
JavaScript warning: https://demo.openmrs.org/openmrs/ms/uiframework/resource/uicommons/scripts/moment-with-locales.min.js?cache=1607864612252, line 1: unreachable code after return statement
JavaScript warning: https://demo.openmrs.org/openmrs/ms/uiframework/resource/uicommons/scripts/moment.min.js?cache=1607864612252, line 6: unreachable code after return statement
JavaScript warning: https://demo.openmrs.org/openmrs/ms/uiframework/resource/uicommons/scripts/moment-with-locales.min.js?cache=1607864612252, line 1: unreachable code after return statement
JavaScript warning: https://demo.openmrs.org/openmrs/ms/uiframework/resource/uicommons/scripts/moment-with-locales.min.js?cache=1607864612252, line 1: unreachable code after return statement
]]></system-err>
  </testcase>
</testsuite>