<?xml version="1.0" encoding="UTF-8"?>
<!-- Generated by org.testng.reporters.JUnitReportReporter -->
<testsuite hostname="ATMECSBLRLT-036" failures="0" tests="2" name="com.atmecs.assessment.openmrs.test.MergePatientRecords" time="431.422" errors="0" timestamp="2020-12-14T18:29:55 IST" skipped="0">
  <testcase classname="com.atmecs.assessment.openmrs.test.MergePatientRecords" name="demoTest" time="218.439"/>
  <system-out/>
  <testcase classname="com.atmecs.assessment.openmrs.test.MergePatientRecords" name="demoTest" time="212.983"/>
  <system-out/>
</testsuite> <!-- com.atmecs.assessment.openmrs.test.MergePatientRecords -->
