<?xml version="1.0" encoding="UTF-8"?>
<!-- Generated by org.testng.reporters.JUnitReportReporter -->
<testsuite hostname="ATMECSBLRLT-036" failures="0" tests="1" name="com.atmecs.assessment.openmrs.test.ValidatePatient" time="43.938" errors="0" timestamp="2020-12-14T18:29:55 IST" skipped="0">
  <testcase classname="com.atmecs.assessment.openmrs.test.ValidatePatient" name="demoTest" time="43.938"/>
  <system-out/>
</testsuite> <!-- com.atmecs.assessment.openmrs.test.ValidatePatient -->
